# JRE version: Java(TM) SE Runtime Environment (8.0_171-b11) (build 1.8.0_171-b11)
# Java VM: Java HotSpot(TM) 64-Bit Server VM (25.171-b11 mixed mode windows-amd64 compressed oops)
Heap:
 PSYoungGen      total 37888K, used 3727K [0x00000000d6180000, 0x00000000d8b80000, 0x0000000100000000)
  eden space 32768K, 5% used [0x00000000d6180000,0x00000000d635fd48,0x00000000d8180000)
  from space 5120K, 35% used [0x00000000d8180000,0x00000000d8344010,0x00000000d8680000)
  to   space 5120K, 0% used [0x00000000d8680000,0x00000000d8680000,0x00000000d8b80000)
 ParOldGen       total 86016K, used 119K [0x0000000082400000, 0x0000000087800000, 0x00000000d6180000)
  object space 86016K, 0% used [0x0000000082400000,0x000000008241dc48,0x0000000087800000)
 Metaspace       used 10832K, capacity 10968K, committed 11136K, reserved 1058816K
  class space    used 1248K, capacity 1312K, committed 1408K, reserved 1048576K
GC Heap History (6 events):
Event: 42.745 GC heap before
{Heap before GC invocations=1 (full 0):
 PSYoungGen      total 37888K, used 32768K [0x00000000d6180000, 0x00000000d8b80000, 0x0000000100000000)
  eden space 32768K, 100% used [0x00000000d6180000,0x00000000d8180000,0x00000000d8180000)
  from space 5120K, 0% used [0x00000000d8680000,0x00000000d8680000,0x00000000d8b80000)
  to   space 5120K, 0% used [0x00000000d8180000,0x00000000d8180000,0x00000000d8680000)
 ParOldGen       total 86016K, used 0K [0x0000000082400000, 0x0000000087800000, 0x00000000d6180000)
  object space 86016K, 0% used [0x0000000082400000,0x0000000082400000,0x0000000087800000)
 Metaspace       used 10601K, capacity 10776K, committed 10880K, reserved 1058816K
  class space    used 1247K, capacity 1312K, committed 1408K, reserved 1048576K
Event: 42.756 GC heap after
Heap after GC invocations=1 (full 0):
 PSYoungGen      total 37888K, used 5106K [0x00000000d6180000, 0x00000000d8b80000, 0x0000000100000000)
  eden space 32768K, 0% used [0x00000000d6180000,0x00000000d6180000,0x00000000d8180000)
  from space 5120K, 99% used [0x00000000d8180000,0x00000000d867c918,0x00000000d8680000)
  to   space 5120K, 0% used [0x00000000d8680000,0x00000000d8680000,0x00000000d8b80000)
 ParOldGen       total 86016K, used 103K [0x0000000082400000, 0x0000000087800000, 0x00000000d6180000)
  object space 86016K, 0% used [0x0000000082400000,0x0000000082419c48,0x0000000087800000)
 Metaspace       used 10601K, capacity 10776K, committed 10880K, reserved 1058816K
  class space    used 1247K, capacity 1312K, committed 1408K, reserved 1048576K
}
Event: 122.368 GC heap before
{Heap before GC invocations=2 (full 0):
 PSYoungGen      total 37888K, used 37874K [0x00000000d6180000, 0x00000000d8b80000, 0x0000000100000000)
  eden space 32768K, 100% used [0x00000000d6180000,0x00000000d8180000,0x00000000d8180000)
  from space 5120K, 99% used [0x00000000d8180000,0x00000000d867c918,0x00000000d8680000)
  to   space 5120K, 0% used [0x00000000d8680000,0x00000000d8680000,0x00000000d8b80000)
 ParOldGen       total 86016K, used 103K [0x0000000082400000, 0x0000000087800000, 0x00000000d6180000)
  object space 86016K, 0% used [0x0000000082400000,0x0000000082419c48,0x0000000087800000)
 Metaspace       used 10713K, capacity 10904K, committed 11136K, reserved 1058816K
  class space    used 1248K, capacity 1312K, committed 1408K, reserved 1048576K
Event: 122.377 GC heap after
Heap after GC invocations=2 (full 0):
 PSYoungGen      total 37888K, used 1824K [0x00000000d6180000, 0x00000000d8b80000, 0x0000000100000000)
  eden space 32768K, 0% used [0x00000000d6180000,0x00000000d6180000,0x00000000d8180000)
  from space 5120K, 35% used [0x00000000d8680000,0x00000000d8848000,0x00000000d8b80000)
  to   space 5120K, 0% used [0x00000000d8180000,0x00000000d8180000,0x00000000d8680000)
 ParOldGen       total 86016K, used 111K [0x0000000082400000, 0x0000000087800000, 0x00000000d6180000)
  object space 86016K, 0% used [0x0000000082400000,0x000000008241bc48,0x0000000087800000)
 Metaspace       used 10713K, capacity 10904K, committed 11136K, reserved 1058816K
  class space    used 1248K, capacity 1312K, committed 1408K, reserved 1048576K
}
Event: 156.328 GC heap before
{Heap before GC invocations=3 (full 0):
 PSYoungGen      total 37888K, used 34592K [0x00000000d6180000, 0x00000000d8b80000, 0x0000000100000000)
  eden space 32768K, 100% used [0x00000000d6180000,0x00000000d8180000,0x00000000d8180000)
  from space 5120K, 35% used [0x00000000d8680000,0x00000000d8848000,0x00000000d8b80000)
  to   space 5120K, 0% used [0x00000000d8180000,0x00000000d8180000,0x00000000d8680000)
 ParOldGen       total 86016K, used 111K [0x0000000082400000, 0x0000000087800000, 0x00000000d6180000)
  object space 86016K, 0% used [0x0000000082400000,0x000000008241bc48,0x0000000087800000)
 Metaspace       used 10831K, capacity 10968K, committed 11136K, reserved 1058816K
  class space    used 1248K, capacity 1312K, committed 1408K, reserved 1048576K
Event: 156.335 GC heap after
Heap after GC invocations=3 (full 0):
 PSYoungGen      total 37888K, used 1808K [0x00000000d6180000, 0x00000000d8b80000, 0x0000000100000000)
  eden space 32768K, 0% used [0x00000000d6180000,0x00000000d6180000,0x00000000d8180000)
  from space 5120K, 35% used [0x00000000d8180000,0x00000000d8344010,0x00000000d8680000)
  to   space 5120K, 0% used [0x00000000d8680000,0x00000000d8680000,0x00000000d8b80000)
 ParOldGen       total 86016K, used 119K [0x0000000082400000, 0x0000000087800000, 0x00000000d6180000)
  object space 86016K, 0% used [0x0000000082400000,0x000000008241dc48,0x0000000087800000)
 Metaspace       used 10831K, capacity 10968K, committed 11136K, reserved 1058816K
  class space    used 1248K, capacity 1312K, committed 1408K, reserved 1048576K
}

